Base path: C:/Program Files/Unity/Editor/Data
Cmd: initializeCompiler
Cmd: preprocess
  insize=3207 outsize=1205 ok=1
Cmd: initializeCompiler
Cmd: initializeCompiler
Cmd: preprocessCompute
  insize=7938 outsize=7960 ok=1
Cmd: compileComputeKernel
  api=4 insize=7960 outsize=1581 ok=1
Cmd: compileComputeKernel
  api=4 insize=7960 outsize=1149 ok=1
Cmd: compileComputeKernel
  api=4 insize=7960 outsize=2549 ok=1
Cmd: compileComputeKernel
  api=4 insize=7960 outsize=1557 ok=1
Cmd: compileComputeKernel
  api=4 insize=7960 outsize=1537 ok=1
Cmd: compileComputeKernel
  api=4 insize=7960 outsize=1641 ok=1
Cmd: compileComputeKernel
  api=4 insize=7960 outsize=1365 ok=1
Cmd: preprocessCompute
  insize=68819 outsize=68835 ok=1
Cmd: compileComputeKernel
  api=4 insize=68835 outsize=12521 ok=1
Cmd: compileComputeKernel
  api=4 insize=68835 outsize=3469 ok=1
Cmd: preprocessCompute
  insize=9889 outsize=9919 ok=1
Cmd: compileComputeKernel
  api=4 insize=9919 outsize=1905 ok=1
Cmd: compileComputeKernel
  api=4 insize=9919 outsize=2345 ok=1
Cmd: compileComputeKernel
  api=4 insize=9919 outsize=1937 ok=1
Cmd: compileComputeKernel
  api=4 insize=9919 outsize=2085 ok=1
Cmd: preprocessCompute
  insize=45651 outsize=45671 ok=1
Cmd: compileComputeKernel
  api=4 insize=45671 outsize=2673 ok=1
Cmd: compileComputeKernel
  api=4 insize=45671 outsize=9545 ok=1
Cmd: compileComputeKernel
  api=4 insize=45671 outsize=2933 ok=1
Cmd: compileComputeKernel
  api=4 insize=45671 outsize=4381 ok=1
Cmd: compileComputeKernel
  api=4 insize=45671 outsize=12553 ok=1
Cmd: preprocessCompute
  insize=7947 outsize=7959 ok=1
Cmd: compileComputeKernel
  api=4 insize=7959 outsize=2141 ok=1
Cmd: preprocessCompute
  insize=49232 outsize=49356 ok=1
Cmd: compileComputeKernel
  api=4 insize=49356 outsize=1593 ok=1
Cmd: compileComputeKernel
  api=4 insize=49356 outsize=2985 ok=1
Cmd: compileComputeKernel
  api=4 insize=49356 outsize=1337 ok=1
Cmd: compileComputeKernel
  api=4 insize=49356 outsize=1433 ok=1
Cmd: compileComputeKernel
  api=4 insize=49356 outsize=3205 ok=1
Cmd: compileComputeKernel
  api=4 insize=49356 outsize=1373 ok=1
Cmd: compileComputeKernel
  api=4 insize=49356 outsize=1521 ok=1
Cmd: compileComputeKernel
  api=4 insize=49356 outsize=1553 ok=1
Cmd: compileComputeKernel
  api=4 insize=49356 outsize=1285 ok=1
Cmd: compileComputeKernel
  api=4 insize=49356 outsize=1905 ok=1
Cmd: compileComputeKernel
  api=4 insize=49356 outsize=2345 ok=1
Cmd: compileComputeKernel
  api=4 insize=49356 outsize=1937 ok=1
Cmd: compileComputeKernel
  api=4 insize=49356 outsize=1329 ok=1
Cmd: compileComputeKernel
  api=4 insize=49356 outsize=1345 ok=1
Cmd: compileComputeKernel
  api=4 insize=49356 outsize=3005 ok=1
Cmd: compileComputeKernel
  api=4 insize=49356 outsize=1753 ok=1
Cmd: preprocessCompute
  insize=4095 outsize=4103 ok=1
Cmd: compileComputeKernel
  api=4 insize=4103 outsize=1597 ok=1
Cmd: preprocessCompute
  insize=1808 outsize=1810 ok=1
Cmd: preprocessCompute
  insize=29208 outsize=29386 ok=1
Cmd: compileComputeKernel
  api=4 insize=29386 outsize=681 ok=1
Cmd: compileComputeKernel
  api=4 insize=29386 outsize=781 ok=1
Cmd: compileComputeKernel
  api=4 insize=29386 outsize=689 ok=1
Cmd: compileComputeKernel
  api=4 insize=29386 outsize=949 ok=1
Cmd: compileComputeKernel
  api=4 insize=29386 outsize=1013 ok=1
Cmd: compileComputeKernel
  api=4 insize=29386 outsize=861 ok=1
Cmd: compileComputeKernel
  api=4 insize=29386 outsize=873 ok=1
Cmd: compileComputeKernel
  api=4 insize=29386 outsize=957 ok=1
Cmd: compileComputeKernel
  api=4 insize=29386 outsize=673 ok=1
Cmd: compileComputeKernel
  api=4 insize=29386 outsize=801 ok=1
Cmd: compileComputeKernel
  api=4 insize=29386 outsize=721 ok=1
Cmd: compileComputeKernel
  api=4 insize=29386 outsize=1293 ok=1
Cmd: compileComputeKernel
  api=4 insize=29386 outsize=1885 ok=1
Cmd: compileComputeKernel
  api=4 insize=29386 outsize=1373 ok=1
Cmd: compileComputeKernel
  api=4 insize=29386 outsize=1361 ok=1
Cmd: compileComputeKernel
  api=4 insize=29386 outsize=1405 ok=1
Cmd: compileComputeKernel
  api=4 insize=29386 outsize=1301 ok=1
Cmd: compileComputeKernel
  api=4 insize=29386 outsize=1313 ok=1
Cmd: compileComputeKernel
  api=4 insize=29386 outsize=1265 ok=1
Cmd: compileComputeKernel
  api=4 insize=29386 outsize=1349 ok=1
Cmd: compileComputeKernel
  api=4 insize=29386 outsize=1393 ok=1
